Exporter version: 6.3.1, Blender version: 2.82 (sub 7)
========= Conversion from Blender to Babylon.js =========
	Scene settings used :
		Inline textures     :  false
		Material Type       :  PBR
		Positions Precision :  4
		Normals Precision   :  3
		UVs Precision       :  3
		Vert Color Precision:  3
		Mat Weight Precision:  2
		Keep Z-up r-handed  :  no
		Texture directory   :  /Users/ali/Documents/Projects/Portfolio/Website/models/
	Python World class constructor completed
	WARNING: No active camera has been assigned, or is not in a currently selected Blender layer
	processing begun of mesh:  Cube
		processing begun of material:  Material.001
			processing texture Wood_020_normal
				WARNING: Exception during copy:
					'/Users/ali/Documents/Projects/Portfolio/Blender/../Website/models/Wood_020_normal.jpg' and '/Users/ali/Documents/Projects/Portfolio/Website/models/Wood_020_normal.jpg' are the same file
				texture type:  bumpTexture, mapped using: "UVMap"
			processing texture Wood_020_basecolor
				WARNING: Exception during copy:
					'/Users/ali/Documents/Projects/Portfolio/Blender/../Website/models/Wood_020_basecolor.jpg' and '/Users/ali/Documents/Projects/Portfolio/Website/models/Wood_020_basecolor.jpg' are the same file
				texture type:  diffuseTexture, mapped using: "UVMap"
			processing texture Wood_020_roughness
				WARNING: Exception during copy:
					'/Users/ali/Documents/Projects/Portfolio/Blender/../Website/models/Wood_020_roughness.jpg' and '/Users/ali/Documents/Projects/Portfolio/Website/models/Wood_020_roughness.jpg' are the same file
				texture type:  value not meaningful 2, mapped using: "UVMap"
		num positions      :  29
		num normals        :  29
		num tangents       :  0
		num uvs            :  58
		num uvs2           :  0
		num colors         :  0
		num indices        :  36
========= Writing of JSON file started =========
	writing mesh:  Cube
========= Writing of JSON file completed =========
========= end of processing =========
elapsed time:  0 min, 0.0046 secs
